{"/Users/Jommiiz/project/little-brown-book-shop/src/App.vue": {"path":"/Users/Jommiiz/project/little-brown-book-shop/src/App.vue","statementMap":{"0":{"start":{"line":11,"column":0},"end":{"line":11,"column":null}},"1":{"start":{"line":12,"column":0},"end":{"line":12,"column":null}},"2":{"start":{"line":20,"column":0},"end":{"line":20,"column":null}}},"fnMap":{"0":{"name":"(anonymous_1)","decl":{"start":{"line":19,"column":0},"end":{"line":19,"column":null}},"loc":{"start":{"line":19,"column":0},"end":{"line":21,"column":null}}}},"branchMap":{},"s":{"0":0,"1":0,"2":0},"f":{"0":0},"b":{}}
,"/Users/Jommiiz/project/little-brown-book-shop/src/registerServiceWorker.js": {"path":"/Users/Jommiiz/project/little-brown-book-shop/src/registerServiceWorker.js","statementMap":{"0":{"start":{"line":5,"column":0},"end":{"line":32,"column":1}},"1":{"start":{"line":6,"column":2},"end":{"line":31,"column":4}},"2":{"start":{"line":8,"column":6},"end":{"line":11,"column":7}},"3":{"start":{"line":14,"column":6},"end":{"line":14,"column":56}},"4":{"start":{"line":17,"column":6},"end":{"line":17,"column":61}},"5":{"start":{"line":20,"column":6},"end":{"line":20,"column":48}},"6":{"start":{"line":23,"column":6},"end":{"line":23,"column":62}},"7":{"start":{"line":26,"column":6},"end":{"line":26,"column":82}},"8":{"start":{"line":29,"column":6},"end":{"line":29,"column":71}}},"fnMap":{"0":{"name":"(anonymous_0)","decl":{"start":{"line":7,"column":4},"end":{"line":7,"column":5}},"loc":{"start":{"line":7,"column":13},"end":{"line":12,"column":5}},"line":7},"1":{"name":"(anonymous_1)","decl":{"start":{"line":13,"column":4},"end":{"line":13,"column":5}},"loc":{"start":{"line":13,"column":18},"end":{"line":15,"column":5}},"line":13},"2":{"name":"(anonymous_2)","decl":{"start":{"line":16,"column":4},"end":{"line":16,"column":5}},"loc":{"start":{"line":16,"column":14},"end":{"line":18,"column":5}},"line":16},"3":{"name":"(anonymous_3)","decl":{"start":{"line":19,"column":4},"end":{"line":19,"column":5}},"loc":{"start":{"line":19,"column":19},"end":{"line":21,"column":5}},"line":19},"4":{"name":"(anonymous_4)","decl":{"start":{"line":22,"column":4},"end":{"line":22,"column":5}},"loc":{"start":{"line":22,"column":15},"end":{"line":24,"column":5}},"line":22},"5":{"name":"(anonymous_5)","decl":{"start":{"line":25,"column":4},"end":{"line":25,"column":5}},"loc":{"start":{"line":25,"column":15},"end":{"line":27,"column":5}},"line":25},"6":{"name":"(anonymous_6)","decl":{"start":{"line":28,"column":4},"end":{"line":28,"column":5}},"loc":{"start":{"line":28,"column":18},"end":{"line":30,"column":5}},"line":28}},"branchMap":{"0":{"loc":{"start":{"line":5,"column":0},"end":{"line":32,"column":1}},"type":"if","locations":[{"start":{"line":5,"column":0},"end":{"line":32,"column":1}},{"start":{"line":5,"column":0},"end":{"line":32,"column":1}}],"line":5}},"s":{"0":0,"1":0,"2":0,"3":0,"4":0,"5":0,"6":0,"7":0,"8":0},"f":{"0":0,"1":0,"2":0,"3":0,"4":0,"5":0,"6":0},"b":{"0":[0,0]},"hash":"5c0ad2ebb69863ea88d90e887d7567137bdde022"}
,"/Users/Jommiiz/project/little-brown-book-shop/src/components/CartList.vue": {"path":"/Users/Jommiiz/project/little-brown-book-shop/src/components/CartList.vue","statementMap":{"0":{"start":{"line":47,"column":0},"end":{"line":47,"column":null}},"1":{"start":{"line":48,"column":0},"end":{"line":48,"column":null}},"2":{"start":{"line":52,"column":0},"end":{"line":52,"column":null}},"3":{"start":{"line":53,"column":0},"end":{"line":53,"column":null}},"4":{"start":{"line":54,"column":0},"end":{"line":54,"column":null}},"5":{"start":{"line":71,"column":0},"end":{"line":71,"column":null}},"6":{"start":{"line":76,"column":0},"end":{"line":76,"column":null}}},"fnMap":{"0":{"name":"(anonymous_1)","decl":{"start":{"line":51,"column":0},"end":{"line":51,"column":null}},"loc":{"start":{"line":51,"column":0},"end":{"line":59,"column":null}}},"1":{"name":"(anonymous_2)","decl":{"start":{"line":70,"column":0},"end":{"line":70,"column":null}},"loc":{"start":{"line":70,"column":0},"end":{"line":72,"column":null}}},"2":{"name":"(anonymous_3)","decl":{"start":{"line":75,"column":0},"end":{"line":75,"column":null}},"loc":{"start":{"line":75,"column":0},"end":{"line":77,"column":null}}}},"branchMap":{"0":{"loc":{"start":{"line":52,"column":0},"end":{"line":52,"column":null}},"type":"cond-expr","locations":[{"start":{"line":52,"column":0},"end":{"line":52,"column":null}},{"start":{"line":52,"column":0},"end":{"line":52,"column":null}}]},"1":{"loc":{"start":{"line":53,"column":0},"end":{"line":53,"column":null}},"type":"cond-expr","locations":[{"start":{"line":53,"column":0},"end":{"line":53,"column":null}},{"start":{"line":53,"column":0},"end":{"line":53,"column":null}}]}},"s":{"0":3,"1":3,"2":1,"3":1,"4":1,"5":0,"6":0},"f":{"0":1,"1":0,"2":0},"b":{"0":[1,2],"1":[0,1]}}
,"/Users/Jommiiz/project/little-brown-book-shop/src/components/Checkout.vue": {"path":"/Users/Jommiiz/project/little-brown-book-shop/src/components/Checkout.vue","statementMap":{"0":{"start":{"line":17,"column":0},"end":{"line":17,"column":null}},"1":{"start":{"line":18,"column":0},"end":{"line":18,"column":null}},"2":{"start":{"line":19,"column":0},"end":{"line":19,"column":null}},"3":{"start":{"line":32,"column":0},"end":{"line":32,"column":null}}},"fnMap":{"0":{"name":"(anonymous_1)","decl":{"start":{"line":31,"column":0},"end":{"line":31,"column":null}},"loc":{"start":{"line":31,"column":0},"end":{"line":33,"column":null}}}},"branchMap":{},"s":{"0":1,"1":1,"2":1,"3":1},"f":{"0":1},"b":{}}
,"/Users/Jommiiz/project/little-brown-book-shop/src/components/List.vue": {"path":"/Users/Jommiiz/project/little-brown-book-shop/src/components/List.vue","statementMap":{"0":{"start":{"line":25,"column":0},"end":{"line":25,"column":null}},"1":{"start":{"line":26,"column":0},"end":{"line":26,"column":null}},"2":{"start":{"line":31,"column":0},"end":{"line":31,"column":null}},"3":{"start":{"line":40,"column":0},"end":{"line":40,"column":null}},"4":{"start":{"line":41,"column":0},"end":{"line":43,"column":null}},"5":{"start":{"line":42,"column":0},"end":{"line":42,"column":null}},"6":{"start":{"line":46,"column":0},"end":{"line":46,"column":null}},"7":{"start":{"line":50,"column":0},"end":{"line":50,"column":null}}},"fnMap":{"0":{"name":"(anonymous_1)","decl":{"start":{"line":30,"column":0},"end":{"line":30,"column":null}},"loc":{"start":{"line":30,"column":0},"end":{"line":34,"column":null}}},"1":{"name":"(anonymous_2)","decl":{"start":{"line":39,"column":0},"end":{"line":39,"column":null}},"loc":{"start":{"line":39,"column":0},"end":{"line":44,"column":null}}},"2":{"name":"(anonymous_3)","decl":{"start":{"line":41,"column":0},"end":{"line":41,"column":null}},"loc":{"start":{"line":41,"column":0},"end":{"line":43,"column":null}}},"3":{"name":"(anonymous_4)","decl":{"start":{"line":45,"column":0},"end":{"line":45,"column":null}},"loc":{"start":{"line":45,"column":0},"end":{"line":47,"column":null}}},"4":{"name":"(anonymous_5)","decl":{"start":{"line":49,"column":0},"end":{"line":49,"column":null}},"loc":{"start":{"line":49,"column":0},"end":{"line":51,"column":null}}}},"branchMap":{},"s":{"0":2,"1":2,"2":1,"3":1,"4":1,"5":4,"6":1,"7":1},"f":{"0":1,"1":1,"2":4,"3":1,"4":1},"b":{}}
,"/Users/Jommiiz/project/little-brown-book-shop/src/components/Payment.vue": {"path":"/Users/Jommiiz/project/little-brown-book-shop/src/components/Payment.vue","statementMap":{"0":{"start":{"line":25,"column":0},"end":{"line":25,"column":null}},"1":{"start":{"line":36,"column":0},"end":{"line":36,"column":null}},"2":{"start":{"line":42,"column":0},"end":{"line":42,"column":null}},"3":{"start":{"line":45,"column":0},"end":{"line":45,"column":null}},"4":{"start":{"line":51,"column":0},"end":{"line":51,"column":null}},"5":{"start":{"line":52,"column":0},"end":{"line":52,"column":null}}},"fnMap":{"0":{"name":"(anonymous_1)","decl":{"start":{"line":35,"column":0},"end":{"line":35,"column":null}},"loc":{"start":{"line":35,"column":0},"end":{"line":39,"column":null}}},"1":{"name":"(anonymous_2)","decl":{"start":{"line":41,"column":0},"end":{"line":41,"column":null}},"loc":{"start":{"line":41,"column":0},"end":{"line":43,"column":null}}},"2":{"name":"(anonymous_3)","decl":{"start":{"line":44,"column":0},"end":{"line":44,"column":null}},"loc":{"start":{"line":44,"column":0},"end":{"line":46,"column":null}}},"3":{"name":"(anonymous_4)","decl":{"start":{"line":50,"column":0},"end":{"line":50,"column":null}},"loc":{"start":{"line":50,"column":0},"end":{"line":53,"column":null}}}},"branchMap":{"0":{"loc":{"start":{"line":36,"column":0},"end":{"line":36,"column":null}},"type":"binary-expr","locations":[{"start":{"line":36,"column":0},"end":{"line":36,"column":null}},{"start":{"line":36,"column":0},"end":{"line":36,"column":null}},{"start":{"line":36,"column":0},"end":{"line":36,"column":null}}]}},"s":{"0":2,"1":2,"2":2,"3":0,"4":0,"5":0},"f":{"0":2,"1":2,"2":0,"3":0},"b":{"0":[2,2,2]}}
,"/Users/Jommiiz/project/little-brown-book-shop/src/components/Receipt.vue": {"path":"/Users/Jommiiz/project/little-brown-book-shop/src/components/Receipt.vue","statementMap":{"0":{"start":{"line":12,"column":0},"end":{"line":12,"column":null}},"1":{"start":{"line":20,"column":0},"end":{"line":20,"column":null}},"2":{"start":{"line":21,"column":0},"end":{"line":21,"column":null}}},"fnMap":{"0":{"name":"(anonymous_1)","decl":{"start":{"line":19,"column":0},"end":{"line":19,"column":null}},"loc":{"start":{"line":19,"column":0},"end":{"line":22,"column":null}}}},"branchMap":{},"s":{"0":1,"1":1,"2":1},"f":{"0":1},"b":{}}
,"/Users/Jommiiz/project/little-brown-book-shop/src/router/index.js": {"path":"/Users/Jommiiz/project/little-brown-book-shop/src/router/index.js","statementMap":{"0":{"start":{"line":5,"column":0},"end":{"line":5,"column":18}},"1":{"start":{"line":7,"column":15},"end":{"line":37,"column":1}},"2":{"start":{"line":19,"column":21},"end":{"line":19,"column":84}},"3":{"start":{"line":27,"column":21},"end":{"line":27,"column":83}},"4":{"start":{"line":35,"column":21},"end":{"line":35,"column":83}},"5":{"start":{"line":39,"column":15},"end":{"line":43,"column":2}}},"fnMap":{"0":{"name":"(anonymous_0)","decl":{"start":{"line":19,"column":15},"end":{"line":19,"column":16}},"loc":{"start":{"line":19,"column":21},"end":{"line":19,"column":84}},"line":19},"1":{"name":"(anonymous_1)","decl":{"start":{"line":27,"column":15},"end":{"line":27,"column":16}},"loc":{"start":{"line":27,"column":21},"end":{"line":27,"column":83}},"line":27},"2":{"name":"(anonymous_2)","decl":{"start":{"line":35,"column":15},"end":{"line":35,"column":16}},"loc":{"start":{"line":35,"column":21},"end":{"line":35,"column":83}},"line":35}},"branchMap":{},"s":{"0":1,"1":1,"2":0,"3":0,"4":0,"5":1},"f":{"0":0,"1":0,"2":0},"b":{},"_coverageSchema":"43e27e138ebf9cfc5966b082cf9a028302ed4184","hash":"a228110c466113a0739d9fe2bcfa21d04d024267"}
,"/Users/Jommiiz/project/little-brown-book-shop/src/store/index.js": {"path":"/Users/Jommiiz/project/little-brown-book-shop/src/store/index.js","statementMap":{"0":{"start":{"line":6,"column":0},"end":{"line":6,"column":13}},"1":{"start":{"line":7,"column":28},"end":{"line":9,"column":1}},"2":{"start":{"line":17,"column":23},"end":{"line":17,"column":37}},"3":{"start":{"line":18,"column":21},"end":{"line":18,"column":33}},"4":{"start":{"line":20,"column":6},"end":{"line":20,"column":36}},"5":{"start":{"line":23,"column":6},"end":{"line":33,"column":8}},"6":{"start":{"line":24,"column":21},"end":{"line":24,"column":68}},"7":{"start":{"line":24,"column":49},"end":{"line":24,"column":67}},"8":{"start":{"line":25,"column":8},"end":{"line":32,"column":9}},"9":{"start":{"line":36,"column":25},"end":{"line":36,"column":58}},"10":{"start":{"line":37,"column":21},"end":{"line":39,"column":8}},"11":{"start":{"line":38,"column":8},"end":{"line":38,"column":38}},"12":{"start":{"line":40,"column":6},"end":{"line":67,"column":8}},"13":{"start":{"line":41,"column":8},"end":{"line":41,"column":51}},"14":{"start":{"line":41,"column":23},"end":{"line":41,"column":51}},"15":{"start":{"line":42,"column":8},"end":{"line":66,"column":9}},"16":{"start":{"line":44,"column":10},"end":{"line":64,"column":11}},"17":{"start":{"line":46,"column":14},"end":{"line":46,"column":47}},"18":{"start":{"line":47,"column":14},"end":{"line":47,"column":19}},"19":{"start":{"line":49,"column":14},"end":{"line":49,"column":47}},"20":{"start":{"line":50,"column":14},"end":{"line":50,"column":19}},"21":{"start":{"line":52,"column":14},"end":{"line":52,"column":47}},"22":{"start":{"line":53,"column":14},"end":{"line":53,"column":19}},"23":{"start":{"line":55,"column":14},"end":{"line":55,"column":47}},"24":{"start":{"line":56,"column":14},"end":{"line":56,"column":19}},"25":{"start":{"line":58,"column":14},"end":{"line":58,"column":47}},"26":{"start":{"line":59,"column":14},"end":{"line":59,"column":19}},"27":{"start":{"line":61,"column":14},"end":{"line":61,"column":47}},"28":{"start":{"line":62,"column":14},"end":{"line":62,"column":19}},"29":{"start":{"line":63,"column":21},"end":{"line":63,"column":49}},"30":{"start":{"line":65,"column":10},"end":{"line":65,"column":35}},"31":{"start":{"line":70,"column":18},"end":{"line":70,"column":19}},"32":{"start":{"line":71,"column":6},"end":{"line":73,"column":8}},"33":{"start":{"line":72,"column":8},"end":{"line":72,"column":43}},"34":{"start":{"line":74,"column":6},"end":{"line":74,"column":18}},"35":{"start":{"line":77,"column":6},"end":{"line":79,"column":11}},"36":{"start":{"line":78,"column":8},"end":{"line":78,"column":40}},"37":{"start":{"line":82,"column":6},"end":{"line":82,"column":48}},"38":{"start":{"line":85,"column":6},"end":{"line":87,"column":11}},"39":{"start":{"line":86,"column":8},"end":{"line":86,"column":31}},"40":{"start":{"line":90,"column":31},"end":{"line":90,"column":61}},"41":{"start":{"line":91,"column":6},"end":{"line":96,"column":7}},"42":{"start":{"line":92,"column":8},"end":{"line":92,"column":57}},"43":{"start":{"line":93,"column":8},"end":{"line":93,"column":57}},"44":{"start":{"line":94,"column":8},"end":{"line":94,"column":95}},"45":{"start":{"line":95,"column":8},"end":{"line":95,"column":50}},"46":{"start":{"line":97,"column":6},"end":{"line":97,"column":14}},"47":{"start":{"line":102,"column":21},"end":{"line":102,"column":60}},"48":{"start":{"line":102,"column":44},"end":{"line":102,"column":59}},"49":{"start":{"line":103,"column":6},"end":{"line":112,"column":7}},"50":{"start":{"line":104,"column":8},"end":{"line":109,"column":10}},"51":{"start":{"line":111,"column":8},"end":{"line":111,"column":25}},"52":{"start":{"line":115,"column":6},"end":{"line":115,"column":35}},"53":{"start":{"line":118,"column":6},"end":{"line":118,"column":23}},"54":{"start":{"line":121,"column":6},"end":{"line":121,"column":40}},"55":{"start":{"line":124,"column":6},"end":{"line":124,"column":32}},"56":{"start":{"line":129,"column":6},"end":{"line":129,"column":45}},"57":{"start":{"line":132,"column":6},"end":{"line":132,"column":51}},"58":{"start":{"line":135,"column":6},"end":{"line":135,"column":45}},"59":{"start":{"line":138,"column":6},"end":{"line":140,"column":33}},"60":{"start":{"line":139,"column":21},"end":{"line":139,"column":53}},"61":{"start":{"line":140,"column":22},"end":{"line":140,"column":32}}},"fnMap":{"0":{"name":"(anonymous_0)","decl":{"start":{"line":17,"column":14},"end":{"line":17,"column":15}},"loc":{"start":{"line":17,"column":23},"end":{"line":17,"column":37}},"line":17},"1":{"name":"(anonymous_1)","decl":{"start":{"line":18,"column":12},"end":{"line":18,"column":13}},"loc":{"start":{"line":18,"column":21},"end":{"line":18,"column":33}},"line":18},"2":{"name":"(anonymous_2)","decl":{"start":{"line":19,"column":15},"end":{"line":19,"column":16}},"loc":{"start":{"line":19,"column":24},"end":{"line":21,"column":5}},"line":19},"3":{"name":"(anonymous_3)","decl":{"start":{"line":22,"column":14},"end":{"line":22,"column":15}},"loc":{"start":{"line":22,"column":23},"end":{"line":34,"column":5}},"line":22},"4":{"name":"(anonymous_4)","decl":{"start":{"line":23,"column":30},"end":{"line":23,"column":31}},"loc":{"start":{"line":23,"column":54},"end":{"line":33,"column":7}},"line":23},"5":{"name":"(anonymous_5)","decl":{"start":{"line":24,"column":41},"end":{"line":24,"column":42}},"loc":{"start":{"line":24,"column":49},"end":{"line":24,"column":67}},"line":24},"6":{"name":"(anonymous_6)","decl":{"start":{"line":35,"column":17},"end":{"line":35,"column":18}},"loc":{"start":{"line":35,"column":26},"end":{"line":68,"column":5}},"line":35},"7":{"name":"(anonymous_7)","decl":{"start":{"line":37,"column":39},"end":{"line":37,"column":40}},"loc":{"start":{"line":37,"column":49},"end":{"line":39,"column":7}},"line":37},"8":{"name":"(anonymous_8)","decl":{"start":{"line":40,"column":30},"end":{"line":40,"column":31}},"loc":{"start":{"line":40,"column":55},"end":{"line":67,"column":7}},"line":40},"9":{"name":"(anonymous_9)","decl":{"start":{"line":69,"column":11},"end":{"line":69,"column":12}},"loc":{"start":{"line":69,"column":22},"end":{"line":75,"column":5}},"line":69},"10":{"name":"(anonymous_10)","decl":{"start":{"line":71,"column":43},"end":{"line":71,"column":44}},"loc":{"start":{"line":71,"column":51},"end":{"line":73,"column":7}},"line":71},"11":{"name":"(anonymous_11)","decl":{"start":{"line":76,"column":17},"end":{"line":76,"column":18}},"loc":{"start":{"line":76,"column":37},"end":{"line":80,"column":5}},"line":76},"12":{"name":"(anonymous_12)","decl":{"start":{"line":77,"column":40},"end":{"line":77,"column":41}},"loc":{"start":{"line":77,"column":55},"end":{"line":79,"column":7}},"line":77},"13":{"name":"(anonymous_13)","decl":{"start":{"line":81,"column":14},"end":{"line":81,"column":15}},"loc":{"start":{"line":81,"column":34},"end":{"line":83,"column":5}},"line":81},"14":{"name":"(anonymous_14)","decl":{"start":{"line":84,"column":4},"end":{"line":84,"column":5}},"loc":{"start":{"line":84,"column":24},"end":{"line":88,"column":5}},"line":84},"15":{"name":"(anonymous_15)","decl":{"start":{"line":85,"column":33},"end":{"line":85,"column":34}},"loc":{"start":{"line":85,"column":45},"end":{"line":87,"column":7}},"line":85},"16":{"name":"(anonymous_16)","decl":{"start":{"line":89,"column":4},"end":{"line":89,"column":5}},"loc":{"start":{"line":89,"column":30},"end":{"line":98,"column":5}},"line":89},"17":{"name":"(anonymous_17)","decl":{"start":{"line":101,"column":4},"end":{"line":101,"column":5}},"loc":{"start":{"line":101,"column":59},"end":{"line":113,"column":5}},"line":101},"18":{"name":"(anonymous_18)","decl":{"start":{"line":102,"column":39},"end":{"line":102,"column":40}},"loc":{"start":{"line":102,"column":44},"end":{"line":102,"column":59}},"line":102},"19":{"name":"(anonymous_19)","decl":{"start":{"line":114,"column":4},"end":{"line":114,"column":5}},"loc":{"start":{"line":114,"column":44},"end":{"line":116,"column":5}},"line":114},"20":{"name":"(anonymous_20)","decl":{"start":{"line":117,"column":4},"end":{"line":117,"column":5}},"loc":{"start":{"line":117,"column":38},"end":{"line":119,"column":5}},"line":117},"21":{"name":"(anonymous_21)","decl":{"start":{"line":120,"column":4},"end":{"line":120,"column":5}},"loc":{"start":{"line":120,"column":35},"end":{"line":122,"column":5}},"line":120},"22":{"name":"(anonymous_22)","decl":{"start":{"line":123,"column":4},"end":{"line":123,"column":5}},"loc":{"start":{"line":123,"column":34},"end":{"line":125,"column":5}},"line":123},"23":{"name":"(anonymous_23)","decl":{"start":{"line":128,"column":4},"end":{"line":128,"column":5}},"loc":{"start":{"line":128,"column":30},"end":{"line":130,"column":5}},"line":128},"24":{"name":"(anonymous_24)","decl":{"start":{"line":131,"column":4},"end":{"line":131,"column":5}},"loc":{"start":{"line":131,"column":36},"end":{"line":133,"column":5}},"line":131},"25":{"name":"(anonymous_25)","decl":{"start":{"line":134,"column":4},"end":{"line":134,"column":5}},"loc":{"start":{"line":134,"column":31},"end":{"line":136,"column":5}},"line":134},"26":{"name":"(anonymous_26)","decl":{"start":{"line":137,"column":4},"end":{"line":137,"column":5}},"loc":{"start":{"line":137,"column":37},"end":{"line":141,"column":5}},"line":137},"27":{"name":"(anonymous_27)","decl":{"start":{"line":139,"column":14},"end":{"line":139,"column":15}},"loc":{"start":{"line":139,"column":21},"end":{"line":139,"column":53}},"line":139},"28":{"name":"(anonymous_28)","decl":{"start":{"line":140,"column":15},"end":{"line":140,"column":16}},"loc":{"start":{"line":140,"column":22},"end":{"line":140,"column":32}},"line":140}},"branchMap":{"0":{"loc":{"start":{"line":41,"column":8},"end":{"line":41,"column":51}},"type":"if","locations":[{"start":{"line":41,"column":8},"end":{"line":41,"column":51}},{"start":{"line":41,"column":8},"end":{"line":41,"column":51}}],"line":41},"1":{"loc":{"start":{"line":42,"column":8},"end":{"line":66,"column":9}},"type":"if","locations":[{"start":{"line":42,"column":8},"end":{"line":66,"column":9}},{"start":{"line":42,"column":8},"end":{"line":66,"column":9}}],"line":42},"2":{"loc":{"start":{"line":44,"column":10},"end":{"line":64,"column":11}},"type":"switch","locations":[{"start":{"line":45,"column":12},"end":{"line":47,"column":19}},{"start":{"line":48,"column":12},"end":{"line":50,"column":19}},{"start":{"line":51,"column":12},"end":{"line":53,"column":19}},{"start":{"line":54,"column":12},"end":{"line":56,"column":19}},{"start":{"line":57,"column":12},"end":{"line":59,"column":19}},{"start":{"line":60,"column":12},"end":{"line":62,"column":19}},{"start":{"line":63,"column":12},"end":{"line":63,"column":49}}],"line":44},"3":{"loc":{"start":{"line":71,"column":6},"end":{"line":73,"column":8}},"type":"binary-expr","locations":[{"start":{"line":71,"column":6},"end":{"line":71,"column":18}},{"start":{"line":71,"column":22},"end":{"line":73,"column":8}}],"line":71},"4":{"loc":{"start":{"line":91,"column":6},"end":{"line":96,"column":7}},"type":"if","locations":[{"start":{"line":91,"column":6},"end":{"line":96,"column":7}},{"start":{"line":91,"column":6},"end":{"line":96,"column":7}}],"line":91},"5":{"loc":{"start":{"line":103,"column":6},"end":{"line":112,"column":7}},"type":"if","locations":[{"start":{"line":103,"column":6},"end":{"line":112,"column":7}},{"start":{"line":103,"column":6},"end":{"line":112,"column":7}}],"line":103}},"s":{"0":0,"1":0,"2":0,"3":0,"4":0,"5":0,"6":0,"7":0,"8":0,"9":0,"10":0,"11":0,"12":0,"13":0,"14":0,"15":0,"16":0,"17":0,"18":0,"19":0,"20":0,"21":0,"22":0,"23":0,"24":0,"25":0,"26":0,"27":0,"28":0,"29":0,"30":0,"31":0,"32":0,"33":0,"34":0,"35":0,"36":0,"37":0,"38":0,"39":0,"40":0,"41":0,"42":0,"43":0,"44":0,"45":0,"46":0,"47":0,"48":0,"49":0,"50":0,"51":0,"52":0,"53":0,"54":0,"55":0,"56":0,"57":0,"58":0,"59":0,"60":0,"61":0},"f":{"0":0,"1":0,"2":0,"3":0,"4":0,"5":0,"6":0,"7":0,"8":0,"9":0,"10":0,"11":0,"12":0,"13":0,"14":0,"15":0,"16":0,"17":0,"18":0,"19":0,"20":0,"21":0,"22":0,"23":0,"24":0,"25":0,"26":0,"27":0,"28":0},"b":{"0":[0,0],"1":[0,0],"2":[0,0,0,0,0,0,0],"3":[0,0],"4":[0,0],"5":[0,0]},"hash":"d5a11d2dd55424842fa9cb36b4135b429f3debb6"}
,"/Users/Jommiiz/project/little-brown-book-shop/src/store/mutation-type.js": {"path":"/Users/Jommiiz/project/little-brown-book-shop/src/store/mutation-type.js","statementMap":{"0":{"start":{"line":1,"column":27},"end":{"line":1,"column":40}},"1":{"start":{"line":2,"column":32},"end":{"line":2,"column":50}},"2":{"start":{"line":3,"column":33},"end":{"line":3,"column":52}}},"fnMap":{},"branchMap":{},"s":{"0":0,"1":0,"2":0},"f":{},"b":{},"hash":"de9546d0eebb33efe30b593de9a1c36266f64a4b"}
,"/Users/Jommiiz/project/little-brown-book-shop/src/views/Checkout.vue": {"path":"/Users/Jommiiz/project/little-brown-book-shop/src/views/Checkout.vue","statementMap":{"0":{"start":{"line":9,"column":0},"end":{"line":9,"column":null}}},"fnMap":{},"branchMap":{},"s":{"0":0},"f":{},"b":{}}
,"/Users/Jommiiz/project/little-brown-book-shop/src/views/Home.vue": {"path":"/Users/Jommiiz/project/little-brown-book-shop/src/views/Home.vue","statementMap":{"0":{"start":{"line":9,"column":0},"end":{"line":9,"column":null}}},"fnMap":{},"branchMap":{},"s":{"0":1},"f":{},"b":{}}
,"/Users/Jommiiz/project/little-brown-book-shop/src/views/Payment.vue": {"path":"/Users/Jommiiz/project/little-brown-book-shop/src/views/Payment.vue","statementMap":{"0":{"start":{"line":10,"column":0},"end":{"line":10,"column":null}},"1":{"start":{"line":11,"column":0},"end":{"line":11,"column":null}}},"fnMap":{},"branchMap":{},"s":{"0":0,"1":0},"f":{},"b":{}}
,"/Users/Jommiiz/project/little-brown-book-shop/src/views/Receipt.vue": {"path":"/Users/Jommiiz/project/little-brown-book-shop/src/views/Receipt.vue","statementMap":{"0":{"start":{"line":9,"column":0},"end":{"line":9,"column":null}}},"fnMap":{},"branchMap":{},"s":{"0":0},"f":{},"b":{}}
}
