TN:
SF:/Users/Jommiiz/project/little-brown-book-shop/src/App.vue
FN:19,(anonymous_1)
FNF:1
FNH:0
FNDA:0,(anonymous_1)
DA:11,0
DA:12,0
DA:20,0
LF:3
LH:0
BRF:0
BRH:0
end_of_record
TN:
SF:/Users/Jommiiz/project/little-brown-book-shop/src/registerServiceWorker.js
FN:7,(anonymous_0)
FN:13,(anonymous_1)
FN:16,(anonymous_2)
FN:19,(anonymous_3)
FN:22,(anonymous_4)
FN:25,(anonymous_5)
FN:28,(anonymous_6)
FNF:7
FNH:0
FNDA:0,(anonymous_0)
FNDA:0,(anonymous_1)
FNDA:0,(anonymous_2)
FNDA:0,(anonymous_3)
FNDA:0,(anonymous_4)
FNDA:0,(anonymous_5)
FNDA:0,(anonymous_6)
DA:5,0
DA:6,0
DA:8,0
DA:14,0
DA:17,0
DA:20,0
DA:23,0
DA:26,0
DA:29,0
LF:9
LH:0
BRDA:5,0,0,0
BRDA:5,0,1,0
BRF:2
BRH:0
end_of_record
TN:
SF:/Users/Jommiiz/project/little-brown-book-shop/src/components/CartList.vue
FN:51,(anonymous_1)
FN:70,(anonymous_2)
FN:75,(anonymous_3)
FNF:3
FNH:1
FNDA:1,(anonymous_1)
FNDA:0,(anonymous_2)
FNDA:0,(anonymous_3)
DA:47,3
DA:48,3
DA:52,1
DA:53,1
DA:54,1
DA:71,0
DA:76,0
LF:7
LH:5
BRDA:52,0,0,1
BRDA:52,0,1,2
BRDA:53,1,0,0
BRDA:53,1,1,1
BRF:4
BRH:3
end_of_record
TN:
SF:/Users/Jommiiz/project/little-brown-book-shop/src/components/Checkout.vue
FN:31,(anonymous_1)
FNF:1
FNH:1
FNDA:1,(anonymous_1)
DA:17,1
DA:18,1
DA:19,1
DA:32,1
LF:4
LH:4
BRF:0
BRH:0
end_of_record
TN:
SF:/Users/Jommiiz/project/little-brown-book-shop/src/components/List.vue
FN:30,(anonymous_1)
FN:39,(anonymous_2)
FN:41,(anonymous_3)
FN:45,(anonymous_4)
FN:49,(anonymous_5)
FNF:5
FNH:5
FNDA:1,(anonymous_1)
FNDA:1,(anonymous_2)
FNDA:4,(anonymous_3)
FNDA:1,(anonymous_4)
FNDA:1,(anonymous_5)
DA:25,2
DA:26,2
DA:31,1
DA:40,1
DA:41,1
DA:42,4
DA:46,1
DA:50,1
LF:8
LH:8
BRF:0
BRH:0
end_of_record
TN:
SF:/Users/Jommiiz/project/little-brown-book-shop/src/components/Payment.vue
FN:35,(anonymous_1)
FN:41,(anonymous_2)
FN:44,(anonymous_3)
FN:50,(anonymous_4)
FNF:4
FNH:2
FNDA:2,(anonymous_1)
FNDA:2,(anonymous_2)
FNDA:0,(anonymous_3)
FNDA:0,(anonymous_4)
DA:25,2
DA:36,2
DA:42,2
DA:45,0
DA:51,0
DA:52,0
LF:6
LH:3
BRDA:36,0,0,2
BRDA:36,0,1,2
BRDA:36,0,2,2
BRF:3
BRH:3
end_of_record
TN:
SF:/Users/Jommiiz/project/little-brown-book-shop/src/components/Receipt.vue
FN:19,(anonymous_1)
FNF:1
FNH:1
FNDA:1,(anonymous_1)
DA:12,1
DA:20,1
DA:21,1
LF:3
LH:3
BRF:0
BRH:0
end_of_record
TN:
SF:/Users/Jommiiz/project/little-brown-book-shop/src/router/index.js
FN:19,(anonymous_0)
FN:27,(anonymous_1)
FN:35,(anonymous_2)
FNF:3
FNH:0
FNDA:0,(anonymous_0)
FNDA:0,(anonymous_1)
FNDA:0,(anonymous_2)
DA:5,1
DA:7,1
DA:19,0
DA:27,0
DA:35,0
DA:39,1
LF:6
LH:3
BRF:0
BRH:0
end_of_record
TN:
SF:/Users/Jommiiz/project/little-brown-book-shop/src/store/index.js
FN:17,(anonymous_0)
FN:18,(anonymous_1)
FN:19,(anonymous_2)
FN:22,(anonymous_3)
FN:23,(anonymous_4)
FN:24,(anonymous_5)
FN:35,(anonymous_6)
FN:37,(anonymous_7)
FN:40,(anonymous_8)
FN:69,(anonymous_9)
FN:71,(anonymous_10)
FN:76,(anonymous_11)
FN:77,(anonymous_12)
FN:81,(anonymous_13)
FN:84,(anonymous_14)
FN:85,(anonymous_15)
FN:89,(anonymous_16)
FN:101,(anonymous_17)
FN:102,(anonymous_18)
FN:114,(anonymous_19)
FN:117,(anonymous_20)
FN:120,(anonymous_21)
FN:123,(anonymous_22)
FN:128,(anonymous_23)
FN:131,(anonymous_24)
FN:134,(anonymous_25)
FN:137,(anonymous_26)
FN:139,(anonymous_27)
FN:140,(anonymous_28)
FNF:29
FNH:0
FNDA:0,(anonymous_0)
FNDA:0,(anonymous_1)
FNDA:0,(anonymous_2)
FNDA:0,(anonymous_3)
FNDA:0,(anonymous_4)
FNDA:0,(anonymous_5)
FNDA:0,(anonymous_6)
FNDA:0,(anonymous_7)
FNDA:0,(anonymous_8)
FNDA:0,(anonymous_9)
FNDA:0,(anonymous_10)
FNDA:0,(anonymous_11)
FNDA:0,(anonymous_12)
FNDA:0,(anonymous_13)
FNDA:0,(anonymous_14)
FNDA:0,(anonymous_15)
FNDA:0,(anonymous_16)
FNDA:0,(anonymous_17)
FNDA:0,(anonymous_18)
FNDA:0,(anonymous_19)
FNDA:0,(anonymous_20)
FNDA:0,(anonymous_21)
FNDA:0,(anonymous_22)
FNDA:0,(anonymous_23)
FNDA:0,(anonymous_24)
FNDA:0,(anonymous_25)
FNDA:0,(anonymous_26)
FNDA:0,(anonymous_27)
FNDA:0,(anonymous_28)
DA:6,0
DA:7,0
DA:17,0
DA:18,0
DA:20,0
DA:23,0
DA:24,0
DA:25,0
DA:36,0
DA:37,0
DA:38,0
DA:40,0
DA:41,0
DA:42,0
DA:44,0
DA:46,0
DA:47,0
DA:49,0
DA:50,0
DA:52,0
DA:53,0
DA:55,0
DA:56,0
DA:58,0
DA:59,0
DA:61,0
DA:62,0
DA:63,0
DA:65,0
DA:70,0
DA:71,0
DA:72,0
DA:74,0
DA:77,0
DA:78,0
DA:82,0
DA:85,0
DA:86,0
DA:90,0
DA:91,0
DA:92,0
DA:93,0
DA:94,0
DA:95,0
DA:97,0
DA:102,0
DA:103,0
DA:104,0
DA:111,0
DA:115,0
DA:118,0
DA:121,0
DA:124,0
DA:129,0
DA:132,0
DA:135,0
DA:138,0
DA:139,0
DA:140,0
LF:59
LH:0
BRDA:41,0,0,0
BRDA:41,0,1,0
BRDA:42,1,0,0
BRDA:42,1,1,0
BRDA:44,2,0,0
BRDA:44,2,1,0
BRDA:44,2,2,0
BRDA:44,2,3,0
BRDA:44,2,4,0
BRDA:44,2,5,0
BRDA:44,2,6,0
BRDA:71,3,0,0
BRDA:71,3,1,0
BRDA:91,4,0,0
BRDA:91,4,1,0
BRDA:103,5,0,0
BRDA:103,5,1,0
BRF:17
BRH:0
end_of_record
TN:
SF:/Users/Jommiiz/project/little-brown-book-shop/src/store/mutation-type.js
FNF:0
FNH:0
DA:1,0
DA:2,0
DA:3,0
LF:3
LH:0
BRF:0
BRH:0
end_of_record
TN:
SF:/Users/Jommiiz/project/little-brown-book-shop/src/views/Checkout.vue
FNF:0
FNH:0
DA:9,0
LF:1
LH:0
BRF:0
BRH:0
end_of_record
TN:
SF:/Users/Jommiiz/project/little-brown-book-shop/src/views/Home.vue
FNF:0
FNH:0
DA:9,1
LF:1
LH:1
BRF:0
BRH:0
end_of_record
TN:
SF:/Users/Jommiiz/project/little-brown-book-shop/src/views/Payment.vue
FNF:0
FNH:0
DA:10,0
DA:11,0
LF:2
LH:0
BRF:0
BRH:0
end_of_record
TN:
SF:/Users/Jommiiz/project/little-brown-book-shop/src/views/Receipt.vue
FNF:0
FNH:0
DA:9,0
LF:1
LH:0
BRF:0
BRH:0
end_of_record
